# JRE version: Java(TM) SE Runtime Environment (8.0_121-b13) (build 1.8.0_121-b13)
# Java VM: Java HotSpot(TM) 64-Bit Server VM (25.121-b13 mixed mode windows-amd64 compressed oops)
Heap:
 PSYoungGen      total 362496K, used 87744K [0x00000000d5580000, 0x00000000ee900000, 0x0000000100000000)
  eden space 336384K, 20% used [0x00000000d5580000,0x00000000d9870518,0x00000000e9e00000)
  from space 26112K, 73% used [0x00000000ecf80000,0x00000000ee23fd60,0x00000000ee900000)
  to   space 38400K, 0% used [0x00000000e9e00000,0x00000000e9e00000,0x00000000ec380000)
 ParOldGen       total 193024K, used 87580K [0x0000000080000000, 0x000000008bc80000, 0x00000000d5580000)
  object space 193024K, 45% used [0x0000000080000000,0x0000000085587220,0x000000008bc80000)
 Metaspace       used 98741K, capacity 104316K, committed 104448K, reserved 1138688K
  class space    used 13192K, capacity 14277K, committed 14336K, reserved 1048576K
GC Heap History (10 events):
Event: 60.053 GC heap before
{Heap before GC invocations=21 (full 3):
 PSYoungGen      total 331776K, used 331769K [0x00000000d5580000, 0x00000000ef600000, 0x0000000100000000)
  eden space 304640K, 100% used [0x00000000d5580000,0x00000000e7f00000,0x00000000e7f00000)
  from space 27136K, 99% used [0x00000000e7f00000,0x00000000e997e508,0x00000000e9980000)
  to   space 39424K, 0% used [0x00000000ecf80000,0x00000000ecf80000,0x00000000ef600000)
 ParOldGen       total 122880K, used 97830K [0x0000000080000000, 0x0000000087800000, 0x00000000d5580000)
  object space 122880K, 79% used [0x0000000080000000,0x0000000085f89a48,0x0000000087800000)
 Metaspace       used 91830K, capacity 96740K, committed 97024K, reserved 1132544K
  class space    used 12518K, capacity 13503K, committed 13568K, reserved 1048576K
Event: 60.619 GC heap after
Heap after GC invocations=21 (full 3):
 PSYoungGen      total 331776K, used 331769K [0x00000000d5580000, 0x00000000ef600000, 0x0000000100000000)
  eden space 304640K, 100% used [0x00000000d5580000,0x00000000e7f00000,0x00000000e7f00000)
  from space 27136K, 99% used [0x00000000e7f00000,0x00000000e997e508,0x00000000e9980000)
  to   space 39424K, 99% used [0x00000000ecf80000,0x00000000ef5f90b0,0x00000000ef600000)
 ParOldGen       total 193024K, used 192591K [0x0000000080000000, 0x000000008bc80000, 0x00000000d5580000)
  object space 193024K, 99% used [0x0000000080000000,0x000000008bc13f68,0x000000008bc80000)
 Metaspace       used 91830K, capacity 96740K, committed 97024K, reserved 1132544K
  class space    used 12518K, capacity 13503K, committed 13568K, reserved 1048576K
}
Event: 60.619 GC heap before
{Heap before GC invocations=22 (full 4):
 PSYoungGen      total 331776K, used 331769K [0x00000000d5580000, 0x00000000ef600000, 0x0000000100000000)
  eden space 304640K, 100% used [0x00000000d5580000,0x00000000e7f00000,0x00000000e7f00000)
  from space 27136K, 99% used [0x00000000e7f00000,0x00000000e997e508,0x00000000e9980000)
  to   space 39424K, 99% used [0x00000000ecf80000,0x00000000ef5f90b0,0x00000000ef600000)
 ParOldGen       total 193024K, used 192591K [0x0000000080000000, 0x000000008bc80000, 0x00000000d5580000)
  object space 193024K, 99% used [0x0000000080000000,0x000000008bc13f68,0x000000008bc80000)
 Metaspace       used 91830K, capacity 96740K, committed 97024K, reserved 1132544K
  class space    used 12518K, capacity 13503K, committed 13568K, reserved 1048576K
Event: 62.074 GC heap after
Heap after GC invocations=22 (full 4):
 PSYoungGen      total 331776K, used 0K [0x00000000d5580000, 0x00000000ef600000, 0x0000000100000000)
  eden space 304640K, 0% used [0x00000000d5580000,0x00000000d5580000,0x00000000e7f00000)
  from space 27136K, 0% used [0x00000000e7f00000,0x00000000e7f00000,0x00000000e9980000)
  to   space 39424K, 0% used [0x00000000ecf80000,0x00000000ecf80000,0x00000000ef600000)
 ParOldGen       total 193024K, used 190203K [0x0000000080000000, 0x000000008bc80000, 0x00000000d5580000)
  object space 193024K, 98% used [0x0000000080000000,0x000000008b9bec58,0x000000008bc80000)
 Metaspace       used 91781K, capacity 96588K, committed 97024K, reserved 1132544K
  class space    used 12501K, capacity 13475K, committed 13568K, reserved 1048576K
}
Event: 66.808 GC heap before
{Heap before GC invocations=23 (full 5):
 PSYoungGen      total 331776K, used 304640K [0x00000000d5580000, 0x00000000ef600000, 0x0000000100000000)
  eden space 304640K, 100% used [0x00000000d5580000,0x00000000e7f00000,0x00000000e7f00000)
  from space 27136K, 0% used [0x00000000e7f00000,0x00000000e7f00000,0x00000000e9980000)
  to   space 39424K, 0% used [0x00000000ecf80000,0x00000000ecf80000,0x00000000ef600000)
 ParOldGen       total 193024K, used 190203K [0x0000000080000000, 0x000000008bc80000, 0x00000000d5580000)
  object space 193024K, 98% used [0x0000000080000000,0x000000008b9bec58,0x000000008bc80000)
 Metaspace       used 92606K, capacity 97590K, committed 97920K, reserved 1134592K
  class space    used 12584K, capacity 13618K, committed 13696K, reserved 1048576K
Event: 69.091 GC heap after
Heap after GC invocations=23 (full 5):
 PSYoungGen      total 331776K, used 40588K [0x00000000d5580000, 0x00000000ef600000, 0x0000000100000000)
  eden space 304640K, 13% used [0x00000000d5580000,0x00000000d7d23250,0x00000000e7f00000)
  from space 27136K, 0% used [0x00000000e7f00000,0x00000000e7f00000,0x00000000e9980000)
  to   space 39424K, 0% used [0x00000000ecf80000,0x00000000ecf80000,0x00000000ef600000)
 ParOldGen       total 193024K, used 192997K [0x0000000080000000, 0x000000008bc80000, 0x00000000d5580000)
  object space 193024K, 99% used [0x0000000080000000,0x000000008bc79760,0x000000008bc80000)
 Metaspace       used 92606K, capacity 97590K, committed 97920K, reserved 1134592K
  class space    used 12584K, capacity 13618K, committed 13696K, reserved 1048576K
}
Event: 72.621 GC heap before
{Heap before GC invocations=24 (full 6):
 PSYoungGen      total 331776K, used 304640K [0x00000000d5580000, 0x00000000ef600000, 0x0000000100000000)
  eden space 304640K, 100% used [0x00000000d5580000,0x00000000e7f00000,0x00000000e7f00000)
  from space 27136K, 0% used [0x00000000e7f00000,0x00000000e7f00000,0x00000000e9980000)
  to   space 39424K, 0% used [0x00000000ecf80000,0x00000000ecf80000,0x00000000ef600000)
 ParOldGen       total 193024K, used 192997K [0x0000000080000000, 0x000000008bc80000, 0x00000000d5580000)
  object space 193024K, 99% used [0x0000000080000000,0x000000008bc79760,0x000000008bc80000)
 Metaspace       used 94756K, capacity 100042K, committed 100224K, reserved 1136640K
  class space    used 12813K, capacity 13844K, committed 13952K, reserved 1048576K
Event: 73.015 GC heap after
Heap after GC invocations=24 (full 6):
 PSYoungGen      total 331776K, used 0K [0x00000000d5580000, 0x00000000ef600000, 0x0000000100000000)
  eden space 304640K, 0% used [0x00000000d5580000,0x00000000d5580000,0x00000000e7f00000)
  from space 27136K, 0% used [0x00000000e7f00000,0x00000000e7f00000,0x00000000e9980000)
  to   space 39424K, 0% used [0x00000000ecf80000,0x00000000ecf80000,0x00000000ef600000)
 ParOldGen       total 193024K, used 87572K [0x0000000080000000, 0x000000008bc80000, 0x00000000d5580000)
  object space 193024K, 45% used [0x0000000080000000,0x0000000085585220,0x000000008bc80000)
 Metaspace       used 94735K, capacity 99980K, committed 100224K, reserved 1136640K
  class space    used 12806K, capacity 13831K, committed 13952K, reserved 1048576K
}
Event: 77.271 GC heap before
{Heap before GC invocations=25 (full 6):
 PSYoungGen      total 331776K, used 304640K [0x00000000d5580000, 0x00000000ef600000, 0x0000000100000000)
  eden space 304640K, 100% used [0x00000000d5580000,0x00000000e7f00000,0x00000000e7f00000)
  from space 27136K, 0% used [0x00000000e7f00000,0x00000000e7f00000,0x00000000e9980000)
  to   space 39424K, 0% used [0x00000000ecf80000,0x00000000ecf80000,0x00000000ef600000)
 ParOldGen       total 193024K, used 87572K [0x0000000080000000, 0x000000008bc80000, 0x00000000d5580000)
  object space 193024K, 45% used [0x0000000080000000,0x0000000085585220,0x000000008bc80000)
 Metaspace       used 98707K, capacity 104304K, committed 104448K, reserved 1138688K
  class space    used 13192K, capacity 14277K, committed 14336K, reserved 1048576K
Event: 77.319 GC heap after
Heap after GC invocations=25 (full 6):
 PSYoungGen      total 362496K, used 19199K [0x00000000d5580000, 0x00000000ee900000, 0x0000000100000000)
  eden space 336384K, 0% used [0x00000000d5580000,0x00000000d5580000,0x00000000e9e00000)
  from space 26112K, 73% used [0x00000000ecf80000,0x00000000ee23fd60,0x00000000ee900000)
  to   space 38400K, 0% used [0x00000000e9e00000,0x00000000e9e00000,0x00000000ec380000)
 ParOldGen       total 193024K, used 87580K [0x0000000080000000, 0x000000008bc80000, 0x00000000d5580000)
  object space 193024K, 45% used [0x0000000080000000,0x0000000085587220,0x000000008bc80000)
 Metaspace       used 98707K, capacity 104304K, committed 104448K, reserved 1138688K
  class space    used 13192K, capacity 14277K, committed 14336K, reserved 1048576K
}

